

        16 June 2014

HW      textrure a cube with russian flag
*********************************************

1) [x, y, z, w] ===> [x/w, y/w, z/w] - projection kernel!


2) Matrixes /////

        Matrix*Vector = vector*Matrix', ' - transposition

        Any affine transform can be a superposition of [Translate Rotate Scale] (перенос, поворот, изменение размера)

        Transformation = Translation * Rotation * Scale

        P_new = P_old*Rotation*Scale + Translation

        23 June 2014

HW      1) rotate a cube/plane, implement sliced-plane (rotation of a plane implemented, sliced plane - yet not)
        2) rotate a plane relatively to specified pivot-center, visualize
        3) interpolation of all vertex attributes is good way of 'debug' ... (done)
        4) draw a star, or a smile or any onther complex picture without using textures (yet only a circle ... )
        5) draw some colored circle without using IFs (yet only with an 'if' ...)

        USE X-Window event MapWindow instead of Expose to get time-point where window had appeared on screen
**********************************************

        26 June 2014

        Mandatory (by Kirill) attributes of vertex: (done)
        1) Position (vec3)
        2) 'Texture' coordinates (vec2)
        3) Normal (vec3)


HW      1) Put texture on a plane
        2) Create class CAMERA
        3) Create vertex class (done)

****************************************************

        30 June 2014
HW
        1) plasma ???
        2) phong lightening of flag
        3) phong lightening using some texture as a normals map


        3 June 2014

HW
        1) add tangent and binormal to Vertex!
        2) add TBN (tangent-binormal-normal)  calculation to geometry

        21 Jul 2014
PROJ HW: create space with boarders, fill it with N cubes with some different positions, create camera, that can fly
between them

